<?xml version="1.0" encoding="UTF-8"?>
<!-- Generated by org.testng.reporters.JUnitReportReporter -->
<testsuite hostname="LAPTOP-BM3QUGGE" failures="0" tests="1" name="com.vtiger.producttestcase.SearchaParticularProduct" time="21.419" errors="0" timestamp="2024-01-02T13:44:24 IST" skipped="0">
  <testcase classname="com.vtiger.producttestcase.SearchaParticularProduct" name="m7" time="21.419"/>
  <system-out/>
</testsuite> <!-- com.vtiger.producttestcase.SearchaParticularProduct -->
