<?xml version="1.0" encoding="UTF-8"?>
<!-- Generated by org.testng.reporters.JUnitReportReporter -->
<testsuite hostname="LAPTOP-BM3QUGGE" failures="0" tests="1" name="com.vtiger.genericlib.JavaUtility" time="0.024" errors="0" timestamp="2024-01-03T18:46:50 IST" skipped="0">
  <testcase classname="com.vtiger.genericlib.JavaUtility" name="m1" time="0.024"/>
  <system-out/>
</testsuite> <!-- com.vtiger.genericlib.JavaUtility -->
