<?xml version="1.0" encoding="UTF-8"?>
<!-- Generated by org.testng.reporters.JUnitReportReporter -->
<testsuite hostname="LAPTOP-BM3QUGGE" failures="0" tests="1" name="com.vtiger.producttestcase.Deleteproduct" time="40.763" errors="0" timestamp="2024-01-02T13:28:26 IST" skipped="0">
  <testcase classname="com.vtiger.producttestcase.Deleteproduct" name="m3" time="40.763"/>
  <system-out/>
</testsuite> <!-- com.vtiger.producttestcase.Deleteproduct -->
