<?xml version="1.0" encoding="UTF-8"?>
<!-- Generated by org.testng.reporters.JUnitReportReporter -->
<testsuite hostname="LAPTOP-BM3QUGGE" failures="0" tests="3" name="com.vtiger.genericlib.DataProviderfetchdata" time="0.010" errors="0" timestamp="2023-12-29T19:20:11 IST" skipped="0">
  <testcase classname="com.vtiger.genericlib.DataProviderfetchdata" name="m1" time="0.008"/>
  <system-out/>
  <testcase classname="com.vtiger.genericlib.DataProviderfetchdata" name="m1" time="0.001"/>
  <system-out/>
  <testcase classname="com.vtiger.genericlib.DataProviderfetchdata" name="m1" time="0.001"/>
  <system-out/>
</testsuite> <!-- com.vtiger.genericlib.DataProviderfetchdata -->
