<?xml version="1.0" encoding="UTF-8"?>
<!-- Generated by org.testng.reporters.JUnitReportReporter -->
<testsuite hostname="LAPTOP-BM3QUGGE" failures="0" tests="1" name="com.vtiger.genericlib.ExcelUtility" time="0.594" errors="0" timestamp="2023-12-28T11:27:54 IST" skipped="0">
  <testcase classname="com.vtiger.genericlib.ExcelUtility" name="m1" time="0.594"/>
  <system-out/>
</testsuite> <!-- com.vtiger.genericlib.ExcelUtility -->
