<?xml version="1.0" encoding="UTF-8"?>
<!-- Generated by org.testng.reporters.JUnitReportReporter -->
<testsuite hostname="LAPTOP-BM3QUGGE" failures="0" tests="1" name="com.vtiger.genericlib.BaseClass" time="10.994" errors="0" timestamp="2023-12-26T13:46:09 IST" skipped="0">
  <testcase classname="com.vtiger.genericlib.BaseClass" name="m1" time="10.994"/>
  <system-out/>
</testsuite> <!-- com.vtiger.genericlib.BaseClass -->
