<?xml version="1.0" encoding="UTF-8"?>
<!-- Generated by org.testng.reporters.JUnitReportReporter -->
<testsuite hostname="LAPTOP-BM3QUGGE" failures="0" tests="2" name="com.vtiger.producttestcase.ExporttheProduct" time="3.017" errors="1" timestamp="2024-01-09T18:48:27 IST" skipped="1">
  <testcase classname="com.vtiger.producttestcase.ExporttheProduct" name="m6" time="0.000">
    <skipped/>
  </testcase> <!-- m6 -->
  <system-out/>
  <testcase classname="com.vtiger.producttestcase.ExporttheProduct" name="setup" time="3.017">
    <error message="Check the key value entered is wrong" type="java.lang.Exception">
      <![CDATA[java.lang.Exception: Check the key value entered is wrong
at com.vtiger.genericlib.PropertyUtility.fetchPropertyfile(PropertyUtility.java:37)
at com.vtiger.genericlib.BaseClass.setup(BaseClass.java:61)
at java.base/jdk.internal.reflect.NativeMethodAccessorImpl.invoke0(Native Method)
at java.base/jdk.internal.reflect.NativeMethodAccessorImpl.invoke(NativeMethodAccessorImpl.java:62)
at java.base/jdk.internal.reflect.DelegatingMethodAccessorImpl.invoke(DelegatingMethodAccessorImpl.java:43)
at java.base/java.lang.reflect.Method.invoke(Method.java:566)
at org.testng.internal.MethodInvocationHelper.invokeMethod(MethodInvocationHelper.java:133)
at org.testng.internal.MethodInvocationHelper.invokeMethodConsideringTimeout(MethodInvocationHelper.java:62)
at org.testng.internal.ConfigInvoker.invokeConfigurationMethod(ConfigInvoker.java:385)
at org.testng.internal.ConfigInvoker.invokeConfigurations(ConfigInvoker.java:321)
at org.testng.internal.TestMethodWorker.invokeBeforeClassMethods(TestMethodWorker.java:176)
at org.testng.internal.TestMethodWorker.run(TestMethodWorker.java:122)
at java.base/java.util.concurrent.ThreadPoolExecutor.runWorker(ThreadPoolExecutor.java:1128)
at java.base/java.util.concurrent.ThreadPoolExecutor$Worker.run(ThreadPoolExecutor.java:628)
at java.base/java.lang.Thread.run(Thread.java:834)
]]>
    </error>
  </testcase> <!-- setup -->
  <system-out/>
</testsuite> <!-- com.vtiger.producttestcase.ExporttheProduct -->
